
SS_LOG:2014-08-28 19:15:21 file not exists:./www/blog/index.htmlg
SS_LOG:2014-08-28 19:15:21 close on fd:7 because 128
SS_LOG:2014-08-28 19:15:25 file not exists:./www/blog/index.htmlg
SS_LOG:2014-08-28 19:15:25 close on fd:7 because 128
SS_LOG:2014-08-28 19:15:37 file not exists:./www/images/d
SS_LOG:2014-08-28 19:15:37 close on fd:7 because 128
SS_LOG:2014-08-28 19:15:39 file not exists:./www/images/d
SS_LOG:2014-08-28 19:15:39 close on fd:7 because 128
SS_LOG:2014-08-28 19:15:46 file not exists:./www/index.html“
SS_LOG:2014-08-28 19:15:46 close on fd:7 because 128
SS_LOG:2014-08-28 19:15:50 file not exists:./www/i
SS_LOG:2014-08-28 19:15:50 close on fd:7 because 128
SS_LOG:2014-08-28 19:18:57 file not exists:./www/index.htmlã
SS_LOG:2014-08-28 19:18:57 close on fd:7 because 128
SS_LOG:2014-08-28 19:19:33 file not exists:./www/index.htmlã
SS_LOG:2014-08-28 19:19:33 close on fd:7 because 128
SS_LOG:2014-08-28 19:20:04 close on fd:7 because 128
SS_LOG:2014-08-28 19:20:09 close on fd:7 because 128
SS_LOG:2014-08-28 19:20:13 close on fd:7 because 128
SS_LOG:2014-08-28 19:20:16 close on fd:7 because 128
SS_LOG:2014-08-28 19:20:22 file not exists:./www/index.htmld
SS_LOG:2014-08-28 19:20:22 close on fd:7 because 128
SS_LOG:2014-08-28 19:21:13 file not exists:./www/blogx
SS_LOG:2014-08-28 19:21:13 close on fd:7 because 128
SS_LOG:2014-08-28 19:24:25 file not exists:./www/blogx
SS_LOG:2014-08-28 19:24:25 close on fd:7 because 128
SS_LOG:2014-08-28 19:24:27 file not exists:./www/blogx
SS_LOG:2014-08-28 19:24:27 close on fd:7 because 128
SS_LOG:2014-08-28 19:24:28 file not exists:./www/blogx
SS_LOG:2014-08-28 19:24:28 close on fd:7 because 128
SS_LOG:2014-08-28 19:24:29 file not exists:./www/blogx
SS_LOG:2014-08-28 19:24:29 close on fd:7 because 128
SS_LOG:2014-08-28 19:24:30 file not exists:./www/blogx
SS_LOG:2014-08-28 19:24:30 close on fd:7 because 128
SS_LOG:2014-08-28 19:24:30 file not exists:./www/blogx
SS_LOG:2014-08-28 19:24:30 close on fd:7 because 128
SS_LOG:2014-08-28 19:24:31 file not exists:./www/blogx
SS_LOG:2014-08-28 19:24:31 close on fd:7 because 128
SS_LOG:2014-08-28 19:24:32 file not exists:./www/blogx
SS_LOG:2014-08-28 19:24:32 close on fd:7 because 128
SS_LOG:2014-08-28 19:24:33 file not exists:./www/blogx
SS_LOG:2014-08-28 19:24:33 close on fd:7 because 128
SS_LOG:2014-08-28 19:24:35 file not exists:./www/blogx
SS_LOG:2014-08-28 19:24:35 close on fd:7 because 128
SS_LOG:2014-08-28 19:24:38 file not exists:./www/blogx
SS_LOG:2014-08-28 19:24:38 close on fd:7 because 128
SS_LOG:2014-08-28 19:24:43 file not exists:./www/b
SS_LOG:2014-08-28 19:24:43 close on fd:7 because 128
SS_LOG:2014-08-28 19:25:35 close on fd:7 because 128
SS_LOG:2014-08-28 19:25:39 close on fd:7 because 128
SS_LOG:2014-08-28 19:25:44 close on fd:7 because 128
SS_LOG:2014-08-28 19:25:45 close on fd:7 because 128
SS_LOG:2014-08-28 19:25:45 close on fd:7 because 128
SS_LOG:2014-08-28 19:25:45 close on fd:7 because 128
SS_LOG:2014-08-28 19:25:45 close on fd:7 because 128
SS_LOG:2014-08-28 19:25:45 close on fd:7 because 128
SS_LOG:2014-08-28 19:25:45 close on fd:7 because 128
SS_LOG:2014-08-28 19:25:45 close on fd:7 because 128
SS_LOG:2014-08-28 19:25:45 close on fd:7 because 128
SS_LOG:2014-08-28 19:25:45 close on fd:7 because 128
SS_LOG:2014-08-28 19:25:45 close on fd:7 because 128
SS_LOG:2014-08-28 19:25:45 close on fd:7 because 128
SS_LOG:2014-08-28 19:25:45 close on fd:7 because 128
SS_LOG:2014-08-28 19:25:45 close on fd:7 because 128
SS_LOG:2014-08-28 19:25:45 close on fd:7 because 128
SS_LOG:2014-08-28 19:25:45 close on fd:7 because 128
SS_LOG:2014-08-28 19:25:45 close on fd:7 because 128
SS_LOG:2014-08-28 19:26:28 close on fd:7 because 128
SS_LOG:2014-08-28 19:26:28 close on fd:7 because 128
SS_LOG:2014-08-28 19:26:28 close on fd:7 because 128
SS_LOG:2014-08-28 19:26:28 close on fd:7 because 128
SS_LOG:2014-08-28 19:26:28 close on fd:7 because 128
SS_LOG:2014-08-28 19:26:28 close on fd:7 because 128
SS_LOG:2014-08-28 19:26:28 close on fd:7 because 128
SS_LOG:2014-08-28 19:26:28 close on fd:7 because 128
SS_LOG:2014-08-28 19:26:28 close on fd:7 because 128
SS_LOG:2014-08-28 19:26:28 close on fd:7 because 128
SS_LOG:2014-08-28 19:26:28 close on fd:7 because 128
SS_LOG:2014-08-28 19:26:28 close on fd:7 because 128
SS_LOG:2014-08-28 19:26:28 close on fd:7 because 128
SS_LOG:2014-08-28 19:26:28 close on fd:7 because 128
SS_LOG:2014-08-28 19:26:28 close on fd:7 because 128
SS_LOG:2014-08-28 19:26:28 close on fd:7 because 128
SS_LOG:2014-08-28 19:26:28 close on fd:7 because 128
SS_LOG:2014-08-28 19:29:54 close on fd:7 because 128
SS_LOG:2014-08-28 19:29:54 close on fd:7 because 128
SS_LOG:2014-08-28 19:29:54 close on fd:7 because 128
SS_LOG:2014-08-28 19:29:54 close on fd:7 because 128
SS_LOG:2014-08-28 19:29:54 close on fd:7 because 128
SS_LOG:2014-08-28 19:29:54 close on fd:7 because 128
SS_LOG:2014-08-28 19:29:54 close on fd:7 because 128
SS_LOG:2014-08-28 19:29:54 close on fd:7 because 128
SS_LOG:2014-08-28 19:29:54 close on fd:7 because 128
SS_LOG:2014-08-28 19:29:54 close on fd:7 because 128
SS_LOG:2014-08-28 19:29:54 close on fd:7 because 128
SS_LOG:2014-08-28 19:29:54 close on fd:7 because 128
SS_LOG:2014-08-28 19:29:54 close on fd:7 because 128
SS_LOG:2014-08-28 19:29:54 close on fd:7 because 128
SS_LOG:2014-08-28 19:29:54 close on fd:7 because 128
SS_LOG:2014-08-28 19:29:54 close on fd:7 because 128
SS_LOG:2014-08-28 19:29:54 close on fd:7 because 128
SS_LOG:2014-08-28 19:29:54 close on fd:7 because 128
SS_LOG:2014-08-28 19:29:54 close on fd:7 because 128
SS_LOG:2014-08-28 19:29:54 close on fd:7 because 128
SS_LOG:2014-08-28 19:29:54 close on fd:7 because 128
SS_LOG:2014-08-28 19:29:54 close on fd:48 because 128
SS_LOG:2014-08-28 19:29:54 close on fd:7 because 128
SS_LOG:2014-08-28 19:29:54 close on fd:48 because 128
SS_LOG:2014-08-28 19:29:54 close on fd:7 because 128
SS_LOG:2014-08-28 19:29:54 close on fd:48 because 128
SS_LOG:2014-08-28 19:29:54 close on fd:48 because 128
SS_LOG:2014-08-28 19:29:54 close on fd:60 because 128
SS_LOG:2014-08-28 19:29:54 close on fd:48 because 128
SS_LOG:2014-08-28 19:31:52 close on fd:48 because 128
SS_LOG:2014-08-28 19:31:52 close on fd:48 because 128
SS_LOG:2014-08-28 19:31:52 close on fd:48 because 128
SS_LOG:2014-08-28 19:31:52 close on fd:48 because 128
SS_LOG:2014-08-28 19:31:52 close on fd:48 because 128
SS_LOG:2014-08-28 19:31:52 close on fd:48 because 128
SS_LOG:2014-08-28 19:31:52 close on fd:48 because 128
SS_LOG:2014-08-28 19:31:52 close on fd:80 because 128
SS_LOG:2014-08-28 19:31:52 close on fd:48 because 128
SS_LOG:2014-08-28 19:31:52 close on fd:48 because 128
SS_LOG:2014-08-28 19:31:52 close on fd:48 because 128
SS_LOG:2014-08-28 19:31:52 close on fd:48 because 128
SS_LOG:2014-08-28 19:31:52 close on fd:48 because 128
SS_LOG:2014-08-28 19:31:52 close on fd:48 because 128
SS_LOG:2014-08-28 19:31:52 close on fd:48 because 128
SS_LOG:2014-08-28 19:31:52 close on fd:48 because 128
SS_LOG:2014-08-28 19:31:52 close on fd:48 because 128
SS_LOG:2014-08-28 19:31:52 close on fd:48 because 128
SS_LOG:2014-08-28 19:31:52 close on fd:48 because 128
SS_LOG:2014-08-28 19:31:52 close on fd:48 because 128
SS_LOG:2014-08-28 19:31:52 close on fd:48 because 128
SS_LOG:2014-08-28 19:31:52 close on fd:48 because 128
SS_LOG:2014-08-28 19:31:52 close on fd:48 because 128
SS_LOG:2014-08-28 19:31:52 close on fd:113 because 128
SS_LOG:2014-08-28 19:31:52 close on fd:48 because 128
SS_LOG:2014-08-28 19:31:52 close on fd:118 because 128
SS_LOG:2014-08-28 19:31:52 close on fd:110 because 128
SS_LOG:2014-08-28 20:14:08 file not exists:./www/blog/post.htm
SS_LOG:2014-08-28 20:14:08 close on fd:48 because 128
SS_LOG:2014-08-28 20:14:15 close on fd:48 because 128
SS_LOG:2014-08-28 20:14:20 close on fd:48 because 128
SS_LOG:2014-08-28 20:14:20 close on fd:125 because 128
SS_LOG:2014-08-28 20:14:20 close on fd:129 because 128
SS_LOG:2014-08-28 20:14:20 close on fd:132 because 128
SS_LOG:2014-08-28 20:14:20 close on fd:135 because 128
SS_LOG:2014-08-28 20:14:20 close on fd:48 because 128
SS_LOG:2014-08-28 20:14:20 close on fd:126 because 128
SS_LOG:2014-08-28 20:14:20 close on fd:48 because 128
SS_LOG:2014-08-28 20:14:20 close on fd:126 because 128
SS_LOG:2014-08-28 20:14:21 close on fd:48 because 128
SS_LOG:2014-08-28 20:14:21 close on fd:48 because 128
SS_LOG:2014-08-28 20:14:21 close on fd:143 because 128
SS_LOG:2014-08-28 20:14:21 close on fd:144 because 128
SS_LOG:2014-08-28 20:14:21 close on fd:48 because 128
SS_LOG:2014-08-28 20:14:21 close on fd:149 because 128
SS_LOG:2014-08-28 20:14:21 close on fd:155 because 128
SS_LOG:2014-08-28 20:14:21 close on fd:159 because 128
SS_LOG:2014-08-28 20:14:21 close on fd:162 because 128
SS_LOG:2014-08-28 20:14:21 close on fd:165 because 128
SS_LOG:2014-08-28 20:14:21 close on fd:48 because 128
SS_LOG:2014-08-28 20:14:21 close on fd:155 because 128
SS_LOG:2014-08-28 20:14:21 close on fd:152 because 128
SS_LOG:2014-08-28 20:14:21 close on fd:48 because 128
SS_LOG:2014-08-28 20:14:21 close on fd:152 because 128
SS_LOG:2014-08-28 20:14:22 close on fd:171 because 128
SS_LOG:2014-08-28 20:14:22 close on fd:174 because 128
SS_LOG:2014-08-28 20:14:22 close on fd:175 because 128
SS_LOG:2014-08-28 20:14:22 close on fd:162 because 128
SS_LOG:2014-08-28 20:14:41 close on fd:162 because 128
SS_LOG:2014-08-28 20:14:42 close on fd:162 because 128
SS_LOG:2014-08-28 20:14:42 close on fd:162 because 128
SS_LOG:2014-08-28 20:14:42 close on fd:162 because 128
SS_LOG:2014-08-28 20:14:42 close on fd:162 because 128
SS_LOG:2014-08-28 20:14:42 close on fd:162 because 128
SS_LOG:2014-08-28 20:14:42 close on fd:162 because 128
SS_LOG:2014-08-28 20:14:42 close on fd:162 because 128
SS_LOG:2014-08-28 20:14:42 close on fd:193 because 128
SS_LOG:2014-08-28 20:14:42 close on fd:193 because 128
SS_LOG:2014-08-28 20:14:42 close on fd:193 because 128
SS_LOG:2014-08-28 20:14:42 close on fd:193 because 128
SS_LOG:2014-08-28 20:14:42 close on fd:193 because 128
SS_LOG:2014-08-28 20:14:42 close on fd:193 because 128
SS_LOG:2014-08-28 20:14:42 close on fd:193 because 128
SS_LOG:2014-08-28 20:14:42 close on fd:193 because 128
SS_LOG:2014-08-28 20:14:42 close on fd:210 because 128
SS_LOG:2014-08-28 20:14:42 close on fd:193 because 128
SS_LOG:2014-08-28 20:14:42 close on fd:210 because 128
SS_LOG:2014-08-28 20:14:42 close on fd:193 because 128
SS_LOG:2014-08-28 20:14:42 close on fd:210 because 128
SS_LOG:2014-08-28 20:14:42 close on fd:220 because 128
SS_LOG:2014-08-28 20:14:42 close on fd:220 because 128
SS_LOG:2014-08-28 20:14:42 close on fd:220 because 128
SS_LOG:2014-08-28 20:14:42 close on fd:220 because 128
SS_LOG:2014-08-28 20:14:42 close on fd:220 because 128
SS_LOG:2014-08-28 20:14:42 close on fd:220 because 128
SS_LOG:2014-08-28 20:14:42 close on fd:220 because 128
SS_LOG:2014-08-28 20:14:42 close on fd:162 because 128
SS_LOG:2014-08-28 20:15:29 close on fd:162 because 128
SS_LOG:2014-08-28 20:15:29 close on fd:162 because 128
SS_LOG:2014-08-28 20:15:29 close on fd:162 because 128
SS_LOG:2014-08-28 20:15:29 close on fd:162 because 128
SS_LOG:2014-08-28 20:15:29 close on fd:162 because 128
SS_LOG:2014-08-28 20:15:29 close on fd:162 because 128
SS_LOG:2014-08-28 20:15:29 close on fd:162 because 128
SS_LOG:2014-08-28 20:15:30 close on fd:162 because 128
SS_LOG:2014-08-28 20:15:30 close on fd:162 because 128
SS_LOG:2014-08-28 20:15:30 close on fd:162 because 128
SS_LOG:2014-08-28 20:15:30 close on fd:162 because 128
SS_LOG:2014-08-28 20:15:30 close on fd:162 because 128
SS_LOG:2014-08-28 20:15:30 close on fd:162 because 128
SS_LOG:2014-08-28 20:15:30 close on fd:162 because 128
SS_LOG:2014-08-28 20:15:30 close on fd:162 because 128
SS_LOG:2014-08-28 20:15:30 close on fd:263 because 128
SS_LOG:2014-08-28 20:15:30 close on fd:162 because 128
SS_LOG:2014-08-28 20:15:30 close on fd:263 because 128
SS_LOG:2014-08-28 20:15:30 close on fd:162 because 128
SS_LOG:2014-08-28 20:15:30 close on fd:162 because 128
SS_LOG:2014-08-28 20:15:30 close on fd:162 because 128
SS_LOG:2014-08-28 20:15:30 close on fd:162 because 128
SS_LOG:2014-08-28 20:15:30 close on fd:277 because 128
SS_LOG:2014-08-28 20:15:30 close on fd:277 because 128
SS_LOG:2014-08-28 20:15:30 close on fd:284 because 128
SS_LOG:2014-08-28 20:15:30 close on fd:287 because 128
SS_LOG:2014-08-28 20:15:30 close on fd:281 because 128
SS_LOG:2014-08-28 20:15:37 close on fd:277 because 128
SS_LOG:2014-08-28 20:15:37 close on fd:277 because 128
SS_LOG:2014-08-28 20:15:37 close on fd:277 because 128
SS_LOG:2014-08-28 20:15:37 close on fd:277 because 128
SS_LOG:2014-08-28 20:15:37 close on fd:277 because 128
SS_LOG:2014-08-28 20:15:37 close on fd:277 because 128
SS_LOG:2014-08-28 20:15:37 close on fd:277 because 128
SS_LOG:2014-08-28 20:15:37 close on fd:277 because 128
SS_LOG:2014-08-28 20:15:37 close on fd:277 because 128
SS_LOG:2014-08-28 20:15:37 close on fd:277 because 128
SS_LOG:2014-08-28 20:15:37 close on fd:277 because 128
SS_LOG:2014-08-28 20:15:37 close on fd:277 because 128
SS_LOG:2014-08-28 20:15:37 close on fd:277 because 128
SS_LOG:2014-08-28 20:15:37 close on fd:277 because 128
SS_LOG:2014-08-28 20:15:37 close on fd:277 because 128
SS_LOG:2014-08-28 20:15:37 close on fd:277 because 128
SS_LOG:2014-08-28 20:15:37 close on fd:277 because 128
SS_LOG:2014-08-28 20:15:37 close on fd:277 because 128
SS_LOG:2014-08-28 20:15:37 close on fd:277 because 128
SS_LOG:2014-08-28 20:15:37 close on fd:277 because 128
SS_LOG:2014-08-28 20:15:37 close on fd:277 because 128
SS_LOG:2014-08-28 20:15:39 close on fd:277 because 128
SS_LOG:2014-08-28 20:15:40 close on fd:277 because 128
SS_LOG:2014-08-28 20:15:40 close on fd:277 because 128
SS_LOG:2014-08-28 20:15:40 close on fd:277 because 128
SS_LOG:2014-08-28 20:15:40 close on fd:277 because 128
SS_LOG:2014-08-28 20:15:40 close on fd:277 because 128
SS_LOG:2014-08-28 20:15:40 close on fd:277 because 128
SS_LOG:2014-08-28 20:15:40 close on fd:277 because 128
SS_LOG:2014-08-28 20:15:40 close on fd:277 because 128
SS_LOG:2014-08-28 20:15:40 close on fd:277 because 128
SS_LOG:2014-08-28 20:15:40 close on fd:277 because 128
SS_LOG:2014-08-28 20:15:40 close on fd:277 because 128
SS_LOG:2014-08-28 20:15:40 close on fd:277 because 128
SS_LOG:2014-08-28 20:15:40 close on fd:277 because 128
SS_LOG:2014-08-28 20:15:40 close on fd:277 because 128
SS_LOG:2014-08-28 20:15:40 close on fd:277 because 128
SS_LOG:2014-08-28 20:15:40 close on fd:277 because 128
SS_LOG:2014-08-28 20:15:40 close on fd:277 because 128
SS_LOG:2014-08-28 20:15:40 close on fd:365 because 128
SS_LOG:2014-08-28 20:15:40 close on fd:277 because 128
SS_LOG:2014-08-28 20:15:40 close on fd:365 because 128
SS_LOG:2014-08-28 20:15:40 close on fd:277 because 128
SS_LOG:2014-08-28 20:15:40 close on fd:277 because 128
SS_LOG:2014-08-28 20:15:40 close on fd:277 because 128
SS_LOG:2014-08-28 20:15:40 close on fd:377 because 128
SS_LOG:2014-08-28 20:15:40 close on fd:277 because 128
SS_LOG:2014-08-28 20:15:40 close on fd:377 because 128
SS_LOG:2014-08-28 20:15:49 close on fd:377 because 128
SS_LOG:2014-08-28 20:15:49 close on fd:377 because 128
SS_LOG:2014-08-28 20:15:49 close on fd:377 because 128
SS_LOG:2014-08-28 20:15:49 close on fd:377 because 128
SS_LOG:2014-08-28 20:15:49 close on fd:377 because 128
SS_LOG:2014-08-28 20:15:49 close on fd:377 because 128
SS_LOG:2014-08-28 20:15:49 close on fd:377 because 128
SS_LOG:2014-08-28 20:15:50 close on fd:377 because 128
SS_LOG:2014-08-28 20:15:50 close on fd:377 because 128
SS_LOG:2014-08-28 20:15:50 close on fd:377 because 128
SS_LOG:2014-08-28 20:15:50 close on fd:377 because 128
SS_LOG:2014-08-28 20:15:50 close on fd:377 because 128
SS_LOG:2014-08-28 20:15:50 close on fd:377 because 128
SS_LOG:2014-08-28 20:15:50 close on fd:377 because 128
SS_LOG:2014-08-28 20:15:50 close on fd:377 because 128
SS_LOG:2014-08-28 20:15:50 close on fd:377 because 128
SS_LOG:2014-08-28 20:15:50 close on fd:377 because 128
SS_LOG:2014-08-28 20:15:50 close on fd:377 because 128
SS_LOG:2014-08-28 20:15:50 close on fd:377 because 128
SS_LOG:2014-08-28 20:15:50 close on fd:377 because 128
SS_LOG:2014-08-28 20:15:50 close on fd:423 because 128
SS_LOG:2014-08-28 20:15:50 close on fd:377 because 128
SS_LOG:2014-08-28 20:15:50 close on fd:423 because 128
SS_LOG:2014-08-28 20:15:50 close on fd:377 because 128
SS_LOG:2014-08-28 20:15:50 close on fd:377 because 128
SS_LOG:2014-08-28 20:15:50 close on fd:433 because 128
SS_LOG:2014-08-28 20:15:50 close on fd:377 because 128
SS_LOG:2014-08-29 09:32:58 close on fd:7 because 128
SS_LOG:2014-08-29 09:33:22 close on fd:11 because 128
SS_LOG:2014-08-29 09:33:22 file not exists:/home/vimtest/learn/practice/webserver/www/favicon.ico
SS_LOG:2014-08-29 09:33:22 close on fd:7 because 128
SS_LOG:2014-08-29 09:33:27 close on fd:7 because 128
SS_LOG:2014-08-29 09:33:48 close on fd:7 because 128
SS_LOG:2014-08-29 09:34:01 close on fd:7 because 128
SS_LOG:2014-08-29 09:34:01 close on fd:25 because 128
SS_LOG:2014-08-29 09:34:01 close on fd:29 because 128
SS_LOG:2014-08-29 09:34:01 close on fd:32 because 128
SS_LOG:2014-08-29 09:34:01 close on fd:35 because 128
SS_LOG:2014-08-29 09:34:01 close on fd:7 because 128
SS_LOG:2014-08-29 09:34:01 close on fd:26 because 128
SS_LOG:2014-08-29 09:34:01 close on fd:41 because 128
SS_LOG:2014-08-29 09:34:01 close on fd:44 because 128
SS_LOG:2014-08-29 09:34:01 close on fd:47 because 128
SS_LOG:2014-08-29 09:34:01 close on fd:7 because 128
SS_LOG:2014-08-29 09:34:01 close on fd:26 because 128
SS_LOG:2014-08-29 09:34:01 close on fd:35 because 128
SS_LOG:2014-08-29 09:34:01 close on fd:7 because 128
SS_LOG:2014-08-29 09:34:01 close on fd:26 because 128
SS_LOG:2014-08-29 09:34:01 close on fd:57 because 128
SS_LOG:2014-08-29 09:34:01 close on fd:60 because 128
SS_LOG:2014-08-29 09:34:01 close on fd:63 because 128
SS_LOG:2014-08-29 09:34:01 close on fd:53 because 128
SS_LOG:2014-08-29 09:34:01 close on fd:54 because 128
SS_LOG:2014-08-29 09:34:01 close on fd:7 because 128
SS_LOG:2014-08-29 09:34:02 close on fd:53 because 128
SS_LOG:2014-08-29 09:34:02 close on fd:60 because 128
SS_LOG:2014-08-29 09:34:02 close on fd:69 because 128
SS_LOG:2014-08-29 09:34:02 close on fd:75 because 128
SS_LOG:2014-08-29 09:34:02 close on fd:76 because 128
SS_LOG:2014-08-29 09:34:02 close on fd:79 because 128
SS_LOG:2014-08-29 09:34:02 close on fd:72 because 128
SS_LOG:2014-08-29 09:34:02 close on fd:7 because 128
